<?xml version="1.0" encoding="UTF-8"?>
<!-- Generated by org.testng.reporters.JUnitXMLReporter -->
<testsuite ignored="0" hostname="ASCINLAP61727" failures="0" tests="3" name="Default test" time="48.708" errors="0" timestamp="2025-08-19T15:53:23 IST">
  <testcase classname="pomTest.testscript" name="loginToAccountPositive" time="8.91"/>
  <testcase classname="pomTest.testscript" name="searchProduct" time="9.993"/>
  <testcase classname="pomTest.testscript" name="addToWish" time="14.722"/>
</testsuite> <!-- Default test -->
