<?xml version="1.0" encoding="UTF-8"?>
<testng-results ignored="0" total="3" passed="3" failed="0" skipped="0">
  <reporter-output>
  </reporter-output>
  <suite started-at="2025-08-25T18:53:07 IST" name="Default suite" finished-at="2025-08-25T18:54:25 IST" duration-ms="78528">
    <groups>
    </groups>
    <test started-at="2025-08-25T18:53:07 IST" name="Default test" finished-at="2025-08-25T18:54:25 IST" duration-ms="78528">
      <class name="pomTest.testscripts">
        <test-method is-config="true" signature="setup()[pri:0, instance:pomTest.testscripts@305b7c14]" started-at="2025-08-25T18:53:07 IST" name="setup" finished-at="2025-08-25T18:53:15 IST" duration-ms="8465" status="PASS">
          <reporter-output>
          </reporter-output>
        </test-method> <!-- setup -->
        <test-method signature="loginToAccountPositive()[pri:1, instance:pomTest.testscripts@305b7c14]" started-at="2025-08-25T18:53:15 IST" name="loginToAccountPositive" finished-at="2025-08-25T18:53:33 IST" duration-ms="17226" status="PASS">
          <reporter-output>
          </reporter-output>
        </test-method> <!-- loginToAccountPositive -->
        <test-method signature="searchProduct()[pri:2, instance:pomTest.testscripts@305b7c14]" started-at="2025-08-25T18:53:33 IST" name="searchProduct" finished-at="2025-08-25T18:53:42 IST" depends-on-methods="pomTest.testscripts.loginToAccountPositive" duration-ms="9249" status="PASS">
          <reporter-output>
          </reporter-output>
        </test-method> <!-- searchProduct -->
        <test-method signature="addToCartProduct()[pri:3, instance:pomTest.testscripts@305b7c14]" started-at="2025-08-25T18:53:42 IST" name="addToCartProduct" finished-at="2025-08-25T18:54:16 IST" duration-ms="34043" status="PASS">
          <reporter-output>
          </reporter-output>
        </test-method> <!-- addToCartProduct -->
        <test-method is-config="true" signature="tearDown()[pri:0, instance:pomTest.testscripts@305b7c14]" started-at="2025-08-25T18:54:16 IST" name="tearDown" finished-at="2025-08-25T18:54:25 IST" duration-ms="9459" status="PASS">
          <reporter-output>
          </reporter-output>
        </test-method> <!-- tearDown -->
      </class> <!-- pomTest.testscripts -->
    </test> <!-- Default test -->
  </suite> <!-- Default suite -->
</testng-results>
