<?xml version="1.0" encoding="UTF-8"?>
<testng-results ignored="0" total="3" passed="3" failed="0" skipped="0">
  <reporter-output>
  </reporter-output>
  <suite started-at="2025-08-19T15:52:35 IST" name="Default suite" finished-at="2025-08-19T15:53:23 IST" duration-ms="48708">
    <groups>
    </groups>
    <test started-at="2025-08-19T15:52:35 IST" name="Default test" finished-at="2025-08-19T15:53:23 IST" duration-ms="48708">
      <class name="pomTest.testscript">
        <test-method is-config="true" signature="setup()[pri:0, instance:pomTest.testscript@4988d8b8]" started-at="2025-08-19T15:52:35 IST" name="setup" finished-at="2025-08-19T15:52:41 IST" duration-ms="6211" status="PASS">
          <reporter-output>
          </reporter-output>
        </test-method> <!-- setup -->
        <test-method signature="loginToAccountPositive()[pri:1, instance:pomTest.testscript@4988d8b8]" started-at="2025-08-19T15:52:41 IST" name="loginToAccountPositive" finished-at="2025-08-19T15:52:50 IST" duration-ms="8910" status="PASS">
          <reporter-output>
          </reporter-output>
        </test-method> <!-- loginToAccountPositive -->
        <test-method signature="searchProduct()[pri:2, instance:pomTest.testscript@4988d8b8]" started-at="2025-08-19T15:52:50 IST" name="searchProduct" finished-at="2025-08-19T15:53:00 IST" duration-ms="9993" status="PASS">
          <reporter-output>
          </reporter-output>
        </test-method> <!-- searchProduct -->
        <test-method signature="addToWish()[pri:5, instance:pomTest.testscript@4988d8b8]" started-at="2025-08-19T15:53:00 IST" name="addToWish" finished-at="2025-08-19T15:53:15 IST" duration-ms="14722" status="PASS">
          <reporter-output>
          </reporter-output>
        </test-method> <!-- addToWish -->
        <test-method is-config="true" signature="tearDown()[pri:0, instance:pomTest.testscript@4988d8b8]" started-at="2025-08-19T15:53:15 IST" name="tearDown" finished-at="2025-08-19T15:53:23 IST" duration-ms="8805" status="PASS">
          <reporter-output>
          </reporter-output>
        </test-method> <!-- tearDown -->
      </class> <!-- pomTest.testscript -->
    </test> <!-- Default test -->
  </suite> <!-- Default suite -->
</testng-results>
