<?xml version="1.0" encoding="UTF-8"?>
<!-- Generated by org.testng.reporters.JUnitReportReporter -->
<testsuite hostname="ASCINLAP61727" failures="0" tests="3" name="pomTest.testscript" time="33.625" errors="0" timestamp="2025-08-19T15:53:24 IST" skipped="0">
  <testcase classname="pomTest.testscript" name="loginToAccountPositive" time="8.910"/>
  <testcase classname="pomTest.testscript" name="searchProduct" time="9.993"/>
  <testcase classname="pomTest.testscript" name="addToWish" time="14.722"/>
</testsuite> <!-- pomTest.testscript -->
