<?xml version="1.0" encoding="UTF-8"?>
<!-- Generated by org.testng.reporters.JUnitReportReporter -->
<testsuite hostname="ASCINLAP61727" failures="0" tests="3" name="pomTest.testscript" time="43.629" errors="0" timestamp="2025-08-25T17:53:46 IST" skipped="0">
  <testcase classname="pomTest.testscript" name="loginToAccountPositive" time="8.334"/>
  <testcase classname="pomTest.testscript" name="searchProduct" time="5.352"/>
  <testcase classname="pomTest.testscript" name="addToCartProduct" time="29.943"/>
</testsuite> <!-- pomTest.testscript -->
