<?xml version="1.0" encoding="UTF-8"?>
<!-- Generated by org.testng.reporters.JUnitReportReporter -->
<testsuite hostname="ASCINLAP61727" failures="0" tests="3" name="pomTest.testscripts" time="60.518" errors="0" timestamp="2025-08-25T18:54:26 IST" skipped="0">
  <testcase classname="pomTest.testscripts" name="loginToAccountPositive" time="17.226"/>
  <testcase classname="pomTest.testscripts" name="searchProduct" time="9.249"/>
  <testcase classname="pomTest.testscripts" name="addToCartProduct" time="34.043"/>
</testsuite> <!-- pomTest.testscripts -->
