<?xml version="1.0" encoding="UTF-8"?>
<!-- Generated by org.testng.reporters.JUnitReportReporter -->
<testsuite hostname="ASCINLAP61727" failures="0" tests="4" name="pomTest.AddToCartTest" time="25.453" errors="0" timestamp="2025-08-21T13:07:03 IST" skipped="0">
  <testcase classname="pomTest.AddToCartTest" name="TC101_validateProductSearchAndSelect" time="14.643"/>
  <testcase classname="pomTest.AddToCartTest" name="TC102_validateAddToCart" time="3.336"/>
  <testcase classname="pomTest.AddToCartTest" name="TC103_validateCartCountUpdate" time="3.436"/>
  <testcase classname="pomTest.AddToCartTest" name="TC105_validateGoToCart" time="4.038"/>
</testsuite> <!-- pomTest.AddToCartTest -->
