<?xml version="1.0" encoding="UTF-8"?>
<!-- Generated by org.testng.reporters.JUnitReportReporter -->
<testsuite hostname="ASCINLAP61727" failures="0" tests="5" name="pomTest.LoginTest" time="31.637" errors="0" timestamp="2025-08-21T11:14:13 IST" skipped="0">
  <testcase classname="pomTest.LoginTest" name="testInvalidPasswordLogin" time="9.864"/>
  <testcase classname="pomTest.LoginTest" name="testLoginPageLaunch" time="3.417"/>
  <testcase classname="pomTest.LoginTest" name="testEmailFieldVisibleAndClickable" time="5.509"/>
  <testcase classname="pomTest.LoginTest" name="testInvalidEmailLogin" time="3.000"/>
  <testcase classname="pomTest.LoginTest" name="testValidLogin" time="9.847"/>
</testsuite> <!-- pomTest.LoginTest -->
